INFO 2025-12-16 23:14:00 auth_router === LOGIN ENDPOINT REQUEST BODY ===
INFO 2025-12-16 23:14:00 auth_router Username: 'sentry'
INFO 2025-12-16 23:14:00 auth_router Email: ''
INFO 2025-12-16 23:14:00 auth_router Password present: True
INFO 2025-12-16 23:14:00 auth_router ===================================
INFO 2025-12-16 23:14:00 auth_controller === LOGIN REQUEST BODY ===
INFO 2025-12-16 23:14:00 auth_controller Username: 'sentry'
INFO 2025-12-16 23:14:00 auth_controller Email: ''
INFO 2025-12-16 23:14:00 auth_controller Password present: True
INFO 2025-12-16 23:14:00 auth_controller =========================
INFO 2025-12-16 23:14:00 auth_controller Attempting authentication for identifier: 'sentry'
INFO 2025-12-17 00:37:01 auth_router === LOGIN ENDPOINT REQUEST BODY ===
INFO 2025-12-17 00:37:01 auth_router Username: 'vulpritprooze'
INFO 2025-12-17 00:37:01 auth_router Email: ''
INFO 2025-12-17 00:37:01 auth_router Password present: True
INFO 2025-12-17 00:37:01 auth_router ===================================
INFO 2025-12-17 00:37:01 auth_controller === LOGIN REQUEST BODY ===
INFO 2025-12-17 00:37:01 auth_controller Username: 'vulpritprooze'
INFO 2025-12-17 00:37:01 auth_controller Email: ''
INFO 2025-12-17 00:37:01 auth_controller Password present: True
INFO 2025-12-17 00:37:01 auth_controller =========================
INFO 2025-12-17 00:37:01 auth_controller Attempting authentication for identifier: 'vulpritprooze'
INFO 2025-12-17 00:40:31 auth_router === LOGIN ENDPOINT REQUEST BODY ===
INFO 2025-12-17 00:40:31 auth_router Username: 'vulpritprooze'
INFO 2025-12-17 00:40:31 auth_router Email: ''
INFO 2025-12-17 00:40:31 auth_router Password present: True
INFO 2025-12-17 00:40:31 auth_router ===================================
INFO 2025-12-17 00:40:31 auth_controller === LOGIN REQUEST BODY ===
INFO 2025-12-17 00:40:31 auth_controller Username: 'vulpritprooze'
INFO 2025-12-17 00:40:31 auth_controller Email: ''
INFO 2025-12-17 00:40:31 auth_controller Password present: True
INFO 2025-12-17 00:40:31 auth_controller =========================
INFO 2025-12-17 00:40:31 auth_controller Attempting authentication for identifier: 'vulpritprooze'
INFO 2025-12-17 01:17:39 auth_router === LOGIN ENDPOINT REQUEST BODY ===
INFO 2025-12-17 01:17:39 auth_router Username: 'vulpritprooze'
INFO 2025-12-17 01:17:39 auth_router Email: ''
INFO 2025-12-17 01:17:39 auth_router Password present: True
INFO 2025-12-17 01:17:39 auth_router ===================================
INFO 2025-12-17 01:17:39 auth_controller === LOGIN REQUEST BODY ===
INFO 2025-12-17 01:17:39 auth_controller Username: 'vulpritprooze'
INFO 2025-12-17 01:17:39 auth_controller Email: ''
INFO 2025-12-17 01:17:39 auth_controller Password present: True
INFO 2025-12-17 01:17:39 auth_controller =========================
INFO 2025-12-17 01:17:39 auth_controller Attempting authentication for identifier: 'vulpritprooze'
